This is LuaHBTeX, Version 1.13.0 (TeX Live 2021)  (format=lualatex 2022.2.1)  5 AUG 2024 15:04
 restricted system commands enabled.
 file:line:error style messages enabled.
**main.tex
(./main.tex
LaTeX2e <2020-10-01> patch level 4
Lua module: luaotfload 2021-01-08 3.17 Lua based OpenType font support
Lua module: lualibs 2020-12-30 2.73 ConTeXt Lua standard libraries.
Lua module: lualibs-extended 2020-12-30 2.73 ConTeXt Lua libraries -- extended c
ollection.
luaotfload | conf : Root cache directory is "/Users/stephanie/Library/texlive/20
21/texmf-var/luatex-cache/generic/names".
luaotfload | init : Loading fontloader "fontloader-2021-01-07.lua" from kpse-res
olved path "/usr/local/texlive/2021/texmf-dist/tex/luatex/luaotfload/fontloader-
2021-01-07.lua".
Lua-only attribute luaotfload@noligature = 1
Lua-only attribute luaotfload@syllabe = 2
luaotfload | init : Context OpenType loader version 0x1.8e76c8b439581p+1
Inserting `luaotfload.node_processor' at position 1 in `pre_linebreak_filter'.
Inserting `luaotfload.node_processor' at position 1 in `hpack_filter'.
Inserting `luaotfload.glyph_stream' at position 1 in `glyph_stream_provider'.
Inserting `luaotfload.define_font' at position 1 in `define_font'.
Lua-only attribute luaotfload_color_attribute = 3
luaotfload | conf : Root cache directory is "/Users/stephanie/Library/texlive/20
21/texmf-var/luatex-cache/generic/names".
Inserting `luaotfload.harf.strip_prefix' at position 1 in `find_opentype_file'.
Inserting `luaotfload.harf.strip_prefix' at position 1 in `find_truetype_file'.
Inserting `luaotfload.harf.finalize_vlist' at position 1 in `post_linebreak_filt
er'.
Inserting `luaotfload.harf.finalize_hlist' at position 2 in `hpack_filter'.
Inserting `luaotfload.cleanup_files' at position 1 in `wrapup_run'.
Inserting `luaotfload.harf.finalize_unicode' at position 1 in `finish_pdffile'.
Inserting `luaotfload.glyphinfo' at position 1 in `glyph_info'.
Inserting `luaotfload.aux.set_sscale_dimens' at position 1 in `luaotfload.patch_
font'.
Inserting `luaotfload.aux.set_font_index' at position 2 in `luaotfload.patch_fon
t'.
Inserting `luaotfload.aux.patch_cambria_domh' at position 3 in `luaotfload.patch
_font'.
Inserting `luaotfload.aux.fixup_fontdata' at position 1 in `luaotfload.patch_fon
t_unsafe'.
Inserting `luaotfload.aux.set_capheight' at position 4 in `luaotfload.patch_font
'.
Inserting `luaotfload.aux.set_xheight' at position 5 in `luaotfload.patch_font'.
Inserting `luaotfload.rewrite_fontname' at position 6 in `luaotfload.patch_font'
. L3 programming layer <2021-02-18> (./csafedoc.cls
Document Class: csafedoc class following CSAFE Style Guide
(/usr/local/texlive/2021/texmf-dist/tex/latex/memoir/memoir.cls
Document Class: memoir 2021/03/23 v3.7o configurable book, report, article docu
ment class
\onelineskip=\skip47
\lxvchars=\skip48
\xlvchars=\skip49
\@memcnta=\count175
\c@@memmarkcntra=\count176
(/usr/local/texlive/2021/texmf-dist/tex/generic/iftex/iftex.sty
Package: iftex 2020/03/06 v1.0d TeX engine tests
)
\stockheight=\skip50
\stockwidth=\skip51
\trimtop=\skip52
\trimedge=\skip53

(/usr/local/texlive/2021/texmf-dist/tex/latex/memoir/mem10.clo
File: mem10.clo 2008/01/30 v0.3 memoir class 10pt size option
luaotfload | db : Font names database loaded from /Users/stephanie/Library/texli
ve/2021/texmf-var/luatex-cache/generic/names/luaotfload-names.luc)
\binding=\skip54
\spinemargin=\skip55
\foremargin=\skip56
\uppermargin=\skip57
\lowermargin=\skip58
\headdrop=\skip59
\normalrulethickness=\skip60
\mem@maxheadheight=\skip61
\mem@maxfootheight=\skip62
\headwidth=\skip63
\c@storedpagenumber=\count177
\memPD=\dimen138
\m@mabparskip=\skip64
\thanksmarkwidth=\skip65
\thanksmarksep=\skip66
\droptitle=\skip67
\c@book=\count178
\c@part=\count179
\c@chapter=\count180
\c@section=\count181
\c@subsection=\count182
\c@subsubsection=\count183
\c@paragraph=\count184
\c@subparagraph=\count185
\beforechapskip=\skip68
\midchapskip=\skip69
\afterchapskip=\skip70
\chapindent=\skip71
\bottomsectionskip=\skip72
\secindent=\skip73
\beforesecskip=\skip74
\aftersecskip=\skip75
\subsecindent=\skip76
\beforesubsecskip=\skip77
\aftersubsecskip=\skip78
\subsubsecindent=\skip79
\beforesubsubsecskip=\skip80
\aftersubsubsecskip=\skip81
\paraindent=\skip82
\beforeparaskip=\skip83
\afterparaskip=\skip84
\subparaindent=\skip85
\beforesubparaskip=\skip86
\aftersubparaskip=\skip87
\pfbreakskip=\skip88
\c@@ppsavesec=\count186
\c@@ppsaveapp=\count187
\ragrparindent=\dimen139
\everylistparindent=\dimen140
\parsepi=\skip89
\topsepi=\skip90
\itemsepi=\skip91
\parsepii=\skip92
\topsepii=\skip93
\topsepiii=\skip94
\itemsepii=\skip95
\itemsepiii=\skip96
\partopsepii=\skip97
\partopsepiii=\skip98
\m@msavetopsep=\skip99
\m@msavepartopsep=\skip100
\@enLab=\toks15
\abstitleskip=\skip101
\absleftindent=\skip102
\abs@leftindent=\dimen141
\absrightindent=\skip103
\absparindent=\skip104
\absparsep=\skip105
\c@vslineno=\count188
\c@poemline=\count189
\c@modulo@vs=\count190
\c@memfvsline=\count191
\vleftskip=\skip106
\vrightskip=\skip107
\stanzaskip=\skip108
\versewidth=\skip109
\vgap=\skip110
\vindent=\skip111
\vleftmargin=\dimen142
\c@verse=\count192
\c@chrsinstr=\count193
\beforepoemtitleskip=\skip112
\afterpoemtitleskip=\skip113
\c@poem=\count194
\beforePoemTitleskip=\skip114
\midPoemTitleskip=\skip115
\afterPoemTitleskip=\skip116

(/usr/local/texlive/2021/texmf-dist/tex/latex/tools/array.sty
Package: array 2020/10/01 v2.5c Tabular extension package (FMi)
\col@sep=\dimen143
\ar@mcellbox=\box47
\extrarowheight=\dimen144
\NC@list=\toks16
\extratabsurround=\skip117
\backup@length=\skip118
\ar@cellbox=\box48
)
(/usr/local/texlive/2021/texmf-dist/tex/latex/tools/dcolumn.sty
Package: dcolumn 2014/10/28 v1.06 decimal alignment package (DPC)
)
(/usr/local/texlive/2021/texmf-dist/tex/latex/tools/delarray.sty
Package: delarray 2014/10/28 v1.01 array delimiter package (DPC)
)
(/usr/local/texlive/2021/texmf-dist/tex/latex/tools/tabularx.sty
Package: tabularx 2020/01/15 v2.11c `tabularx' package (DPC)
\TX@col@width=\dimen145
\TX@old@table=\dimen146
\TX@old@col=\dimen147
\TX@target=\dimen148
\TX@delta=\dimen149
\TX@cols=\count195
\TX@ftn=\toks17
)
\heavyrulewidth=\dimen150
\lightrulewidth=\dimen151
\cmidrulewidth=\dimen152
\belowrulesep=\dimen153
\belowbottomsep=\dimen154
\aboverulesep=\dimen155
\abovetopsep=\dimen156
\cmidrulesep=\dimen157
\cmidrulekern=\dimen158
\defaultaddspace=\dimen159
\@cmidla=\count196
\@cmidlb=\count197
\@aboverulesep=\dimen160
\@belowrulesep=\dimen161
\@thisruleclass=\count198
\@lastruleclass=\count199
\@thisrulewidth=\dimen162
\ctableftskip=\skip119
\ctabrightskip=\skip120
\abovecolumnspenalty=\count266
\@linestogo=\count267
\@cellstogo=\count268
\@cellsincolumn=\count269
\crtok=\toks18
\@mincolumnwidth=\dimen163
\c@newflo@tctr=\count270
\mem@margin@floatbox=\box49
\@contcwidth=\skip121
\@contindw=\skip122
\abovecaptionskip=\skip123
\belowcaptionskip=\skip124
\subfloattopskip=\skip125
\subfloatcapskip=\skip126
\subfloatcaptopadj=\skip127
\subfloatbottomskip=\skip128
\subfloatlabelskip=\skip129
\subfloatcapmargin=\dimen164
\c@@contsubnum=\count271
\m@mscap@capbox=\box50
\m@mscap@fbox=\box51
\sidecapsep=\dimen165
\sidecapwidth=\dimen166
\m@m@tempdima=\dimen167
\m@mscapraise=\dimen168
\sidecapraise=\dimen169
\m@mscapmainwidth=\dimen170
\m@mscaplkern=\dimen171
\beforeepigraphskip=\skip130
\afterepigraphskip=\skip131
\epigraphwidth=\skip132
\epigraphrule=\skip133
LaTeX Info: Redefining \em on input line 7650.
LaTeX Info: Redefining \emph on input line 7658.
\tocentryskip=\skip134
\tocbaseline=\skip135
\cftparskip=\skip136
\cftbeforebookskip=\skip137
\cftbookindent=\dimen172
\cftbooknumwidth=\dimen173
\cftbeforepartskip=\skip138
\cftpartindent=\skip139
\cftpartnumwidth=\skip140
\cftbeforechapterskip=\skip141
\cftchapterindent=\skip142
\cftchapternumwidth=\skip143
\cftbeforesectionskip=\skip144
\cftsectionindent=\skip145
\cftsectionnumwidth=\skip146
\cftbeforesubsectionskip=\skip147
\cftsubsectionindent=\skip148
\cftsubsectionnumwidth=\skip149
\cftbeforesubsubsectionskip=\skip150
\cftsubsubsectionindent=\skip151
\cftsubsubsectionnumwidth=\skip152
\cftbeforeparagraphskip=\skip153
\cftparagraphindent=\skip154
\cftparagraphnumwidth=\skip155
\cftbeforesubparagraphskip=\skip156
\cftsubparagraphindent=\skip157
\cftsubparagraphnumwidth=\skip158
\prechapterprecisshift=\dimen174
\c@maxsecnumdepth=\count272
\bibindent=\dimen175
\bibitemsep=\skip159
\indexcolsep=\skip160
\indexrule=\skip161
\indexmarkstyle=\toks19
\@indexbox=\insert252
\glossarycolsep=\dimen176
\glossaryrule=\dimen177
\sideparvshift=\skip162
\sideins=\insert251
\sidebartopsep=\skip163
\sidebarhsep=\skip164
\sidebarvsep=\skip165
\sidebarwidth=\skip166
\footmarkwidth=\skip167
\footmarksep=\skip168
\footparindent=\skip169
\footinsdim=\skip170
\footinsv@r=\insert250
\@mpfootinsv@r=\insert249
\m@m@k=\count273
\m@m@h=\dimen178
\m@mipn@skip=\skip171
\sidefootins=\insert248
\sidefootadjust=\skip172
\sidefootheight=\skip173
\sidefoothsep=\skip174
\sidefootvsep=\skip175
\sidefootwidth=\skip176
\m@mdownsf=\skip177
\c@sidefootnote=\count274
\sidefootmarkwidth=\skip178
\sidefootmarksep=\skip179
\sidefootparindent=\skip180
\c@pagenote=\count275
\c@pagenoteshadow=\count276
\mem@pn@lastkern=\skip181
\every@verbatim=\toks20
\afterevery@verbatim=\toks21
\verbatim@line=\toks22
\tab@position=\count277
\verbatim@in@stream=\read2
\verbatimindent=\skip182
\verbatim@out=\write3
\bvboxsep=\skip183
\c@memfbvline=\count278
\c@bvlinectr=\count279
\bvnumlength=\skip184
\fb@frw=\dimen179
\fb@frh=\dimen180
\FrameRule=\dimen181
\FrameSep=\dimen182
\c@cp@cntr=\count280
\c@ism@mctr=\count281
\c@xsm@mctr=\count282
\c@csm@mctr=\count283
\c@ksm@mctr=\count284
\c@xksm@mctr=\count285
\c@cksm@mctr=\count286
\c@msm@mctr=\count287
\c@xmsm@mctr=\count288
\c@cmsm@mctr=\count289
\c@bsm@mctr=\count290
\c@workm@mctr=\count291
\c@sheetsequence=\count292
\c@lastsheet=\count293
\c@lastpage=\count294

(/usr/local/texlive/2021/texmf-dist/tex/latex/textcase/textcase.sty
Package: textcase 2019/09/14 v1.00 Text only upper/lower case changing (DPC)
)
\c@figure=\count295
\c@lofdepth=\count296
\cftbeforefigureskip=\skip185
\cftfigureindent=\skip186
\cftfigurenumwidth=\skip187
\c@table=\count297
\c@lotdepth=\count298
\cftbeforetableskip=\skip188
\cfttableindent=\skip189
\cfttablenumwidth=\skip190
Package abstract [2008/07/23] emulated by memoir.
Package appendix [2008/07/23] emulated by memoir.
Package booktabs [2016/05/16] emulated by memoir.
Package ccaption [2008/07/23] emulated by memoir.
Package changepage [2008/07/23] emulated by memoir.
Package chngcntr [2008/07/23] emulated by memoir.
Package chngpage [2008/07/23] emulated by memoir.
Package crop emulated by memoir.
Package enumerate [2008/07/23] emulated by memoir.
Package epigraph [2008/07/23] emulated by memoir.
Package ifmtarg [2008/07/23] emulated by memoir.
Package index [2008/07/23] emulated by memoir.
Package makeidx [2008/07/23] emulated by memoir.
Package moreverb [2008/07/23] emulated by memoir.
Package needspace [2008/07/23] emulated by memoir.
Package newfile [2008/07/23] emulated by memoir.
Package nextpage [2008/07/23] emulated by memoir.
Package pagenote [2008/07/23] emulated by memoir.
Package parskip [2008/07/23] emulated by memoir.
Package patchcmd [2008/07/23] emulated by memoir.
Package setspace [2008/07/23] emulated by memoir.
Package shortvrb [2008/07/23] emulated by memoir.
Package showidx [2008/07/23] emulated by memoir.
Package titleref [2008/07/23] emulated by memoir.
Package titling [2008/07/23] emulated by memoir.
Package tocbibind [2008/07/23] emulated by memoir.
Package tocloft [2008/07/23] emulated by memoir.
Package tocvsec2 [2008/07/23] emulated by memoir.
Package verbatim [2008/07/23] emulated by memoir.
Package verse [2008/07/23] emulated by memoir.
)
(/usr/local/texlive/2021/texmf-dist/tex/latex/fontspec/fontspec.sty
(/usr/local/texlive/2021/texmf-dist/tex/latex/l3packages/xparse/xparse.sty
(/usr/local/texlive/2021/texmf-dist/tex/latex/l3kernel/expl3.sty
Package: expl3 2021-02-18 L3 programming layer (loader) 

(/usr/local/texlive/2021/texmf-dist/tex/latex/l3backend/l3backend-luatex.def
File: l3backend-luatex.def 2021-03-18 L3 backend support: PDF output (LuaTeX)
\l__color_backend_stack_int=\count299
\l__pdf_internal_box=\box52
))
(/usr/local/texlive/2021/texmf-dist/tex/latex/l3packages/xparse/xparse-2020-10-
01.sty
(/usr/local/texlive/2021/texmf-dist/tex/latex/l3packages/xparse/xparse-generic.
tex)))
Package: fontspec 2020/02/21 v2.7i Font selection for XeLaTeX and LuaLaTeX
Lua module: fontspec 2020/02/21 2.7i Font selection for XeLaTeX and LuaLaTeX
(/usr/local/texlive/2021/texmf-dist/tex/latex/fontspec/fontspec-luatex.sty
Package: fontspec-luatex 2020/02/21 v2.7i Font selection for XeLaTeX and LuaLaT
eX
\l__fontspec_script_int=\count300
\l__fontspec_language_int=\count301
\l__fontspec_strnum_int=\count302
\l__fontspec_tmp_int=\count303
\l__fontspec_tmpa_int=\count304
\l__fontspec_tmpb_int=\count305
\l__fontspec_tmpc_int=\count306
\l__fontspec_em_int=\count307
\l__fontspec_emdef_int=\count308
\l__fontspec_strong_int=\count309
\l__fontspec_strongdef_int=\count310
\l__fontspec_tmpa_dim=\dimen183
\l__fontspec_tmpb_dim=\dimen184
\l__fontspec_tmpc_dim=\dimen185

(/usr/local/texlive/2021/texmf-dist/tex/latex/base/fontenc.sty
Package: fontenc 2020/08/10 v2.0s Standard LaTeX package
)
(/usr/local/texlive/2021/texmf-dist/tex/latex/fontspec/fontspec.cfg)))

Package fontspec Info: Font family 'Montserrat(0)' created for font
(fontspec)             'Montserrat' with options
(fontspec)             [Ligatures=TeX,Path=./fonts/,Extension =
(fontspec)             .ttf,UprightFont=*-Regular,BoldFont=*-Bold,ItalicFont=*-
Italic,BoldItalicFont=*-BoldItalic].
(fontspec)              
(fontspec)              This font family consists of the following NFSS
(fontspec)             series/shapes:
(fontspec)              
(fontspec)             - 'normal' (m/n) with NFSS spec.:
(fontspec)             <->"[./fonts/Montserrat-Regular.ttf]:mode=node;script=la
tn;language=dflt;+tlig;"
(fontspec)             - 'small caps'  (m/sc) with NFSS spec.:
(fontspec)             <->"[./fonts/Montserrat-Regular.ttf]:mode=node;script=la
tn;language=dflt;+tlig;+smcp;"
(fontspec)             - 'bold' (b/n) with NFSS spec.:
(fontspec)             <->"[./fonts/Montserrat-Bold.ttf]:mode=node;script=latn;
language=dflt;+tlig;"
(fontspec)             - 'bold small caps'  (b/sc) with NFSS spec.:
(fontspec)             <->"[./fonts/Montserrat-Bold.ttf]:mode=node;script=latn;
language=dflt;+tlig;+smcp;"
(fontspec)             - 'italic' (m/it) with NFSS spec.:
(fontspec)             <->"[./fonts/Montserrat-Italic.ttf]:mode=node;script=lat
n;language=dflt;+tlig;"
(fontspec)             - 'italic small caps'  (m/scit) with NFSS spec.:
(fontspec)             <->"[./fonts/Montserrat-Italic.ttf]:mode=node;script=lat
n;language=dflt;+tlig;+smcp;"
(fontspec)             - 'bold italic' (b/it) with NFSS spec.:
(fontspec)             <->"[./fonts/Montserrat-BoldItalic.ttf]:mode=node;script
=latn;language=dflt;+tlig;"
(fontspec)             - 'bold italic small caps'  (b/scit) with NFSS spec.:
(fontspec)             <->"[./fonts/Montserrat-BoldItalic.ttf]:mode=node;script
=latn;language=dflt;+tlig;+smcp;"



Class csafedoc Warning: Using Montserrat font in ./fonts directory. on input li
ne 20.

(/usr/local/texlive/2021/texmf-dist/tex/latex/float/float.sty
Package: float 2001/11/08 v1.3d Float enhancements (AL)
\c@float@type=\count311
\float@exts=\toks23
\float@box=\box53
\@float@everytoks=\toks24
\@floatcapt=\box54
)
(/usr/local/texlive/2021/texmf-dist/tex/latex/graphics/epsfig.sty
Package: epsfig 2017/06/25 v1.7b (e)psfig emulation (SPQR)

(/usr/local/texlive/2021/texmf-dist/tex/latex/graphics/graphicx.sty
Package: graphicx 2020/09/09 v1.2b Enhanced LaTeX Graphics (DPC,SPQR)

(/usr/local/texlive/2021/texmf-dist/tex/latex/graphics/keyval.sty
Package: keyval 2014/10/28 v1.15 key=value parser (DPC)
\KV@toks@=\toks25
)
(/usr/local/texlive/2021/texmf-dist/tex/latex/graphics/graphics.sty
Package: graphics 2020/08/30 v1.4c Standard LaTeX Graphics (DPC,SPQR)

(/usr/local/texlive/2021/texmf-dist/tex/latex/graphics/trig.sty
Package: trig 2016/01/03 v1.10 sin cos tan (DPC)
)
(/usr/local/texlive/2021/texmf-dist/tex/latex/graphics-cfg/graphics.cfg
File: graphics.cfg 2016/06/04 v1.11 sample graphics configuration
)
Package graphics Info: Driver file: luatex.def on input line 105.

(/usr/local/texlive/2021/texmf-dist/tex/latex/graphics-def/luatex.def
File: luatex.def 2020/10/05 v1.2a Graphics/color driver for luatex
))
\Gin@req@height=\dimen186
\Gin@req@width=\dimen187
)
\epsfxsize=\dimen188
\epsfysize=\dimen189
)
(/usr/local/texlive/2021/texmf-dist/tex/latex/xcolor/xcolor.sty
Package: xcolor 2016/05/11 v2.12 LaTeX color extensions (UK)

(/usr/local/texlive/2021/texmf-dist/tex/latex/graphics-cfg/color.cfg
File: color.cfg 2016/01/02 v1.6 sample color configuration
)
Package xcolor Info: Driver file: luatex.def on input line 225.
Package xcolor Info: Model `cmy' substituted by `cmy0' on input line 1348.
Package xcolor Info: Model `hsb' substituted by `rgb' on input line 1352.
Package xcolor Info: Model `RGB' extended on input line 1364.
Package xcolor Info: Model `HTML' substituted by `rgb' on input line 1366.
Package xcolor Info: Model `Hsb' substituted by `hsb' on input line 1367.
Package xcolor Info: Model `tHsb' substituted by `hsb' on input line 1368.
Package xcolor Info: Model `HSB' substituted by `hsb' on input line 1369.
Package xcolor Info: Model `Gray' substituted by `gray' on input line 1370.
Package xcolor Info: Model `wave' substituted by `hsb' on input line 1371.
)
(/usr/local/texlive/2021/texmf-dist/tex/latex/hyperref/hyperref.sty
Package: hyperref 2021-02-27 v7.00k Hypertext links for LaTeX

(/usr/local/texlive/2021/texmf-dist/tex/generic/ltxcmds/ltxcmds.sty
Package: ltxcmds 2020-05-10 v1.25 LaTeX kernel commands for general use (HO)
)
(/usr/local/texlive/2021/texmf-dist/tex/generic/pdftexcmds/pdftexcmds.sty
Package: pdftexcmds 2020-06-27 v0.33 Utility functions of pdfTeX for LuaTeX (HO
)

(/usr/local/texlive/2021/texmf-dist/tex/generic/infwarerr/infwarerr.sty
Package: infwarerr 2019/12/03 v1.5 Providing info/warning/error messages (HO)
)
Package pdftexcmds Info: \pdf@primitive is available.
Package pdftexcmds Info: \pdf@ifprimitive is available.
Package pdftexcmds Info: \pdfdraftmode found.
\pdftexcmds@toks=\toks26
)
(/usr/local/texlive/2021/texmf-dist/tex/generic/kvsetkeys/kvsetkeys.sty
Package: kvsetkeys 2019/12/15 v1.18 Key value parser (HO)
)
(/usr/local/texlive/2021/texmf-dist/tex/generic/kvdefinekeys/kvdefinekeys.sty
Package: kvdefinekeys 2019-12-19 v1.6 Define keys (HO)
)
(/usr/local/texlive/2021/texmf-dist/tex/generic/pdfescape/pdfescape.sty
Package: pdfescape 2019/12/09 v1.15 Implements pdfTeX's escape features (HO)
)
(/usr/local/texlive/2021/texmf-dist/tex/latex/hycolor/hycolor.sty
Package: hycolor 2020-01-27 v1.10 Color options for hyperref/bookmark (HO)
)
(/usr/local/texlive/2021/texmf-dist/tex/latex/letltxmacro/letltxmacro.sty
Package: letltxmacro 2019/12/03 v1.6 Let assignment for LaTeX macros (HO)
)
(/usr/local/texlive/2021/texmf-dist/tex/latex/auxhook/auxhook.sty
Package: auxhook 2019-12-17 v1.6 Hooks for auxiliary files (HO)
)
(/usr/local/texlive/2021/texmf-dist/tex/latex/kvoptions/kvoptions.sty
Package: kvoptions 2020-10-07 v3.14 Key value format for package options (HO)
)
\@linkdim=\dimen190
\Hy@linkcounter=\count312
\Hy@pagecounter=\count313

(/usr/local/texlive/2021/texmf-dist/tex/latex/hyperref/pd1enc.def
File: pd1enc.def 2021-02-27 v7.00k Hyperref: PDFDocEncoding definition (HO)
)
(/usr/local/texlive/2021/texmf-dist/tex/latex/hyperref/hyperref-langpatches.def
File: hyperref-langpatches.def 2021-02-27 v7.00k Hyperref: patches for babel la
nguages
) (/usr/local/texlive/2021/texmf-dist/tex/generic/intcalc/intcalc.sty
Package: intcalc 2019/12/15 v1.3 Expandable calculations with integers (HO)
)
(/usr/local/texlive/2021/texmf-dist/tex/generic/etexcmds/etexcmds.sty
Package: etexcmds 2019/12/15 v1.7 Avoid name clashes with e-TeX commands (HO)
)
\Hy@SavedSpaceFactor=\count314

(/usr/local/texlive/2021/texmf-dist/tex/latex/hyperref/puenc.def
File: puenc.def 2021-02-27 v7.00k Hyperref: PDF Unicode definition (HO)
)
Package hyperref Info: Hyper figures OFF on input line 4192.
Package hyperref Info: Link nesting OFF on input line 4197.
Package hyperref Info: Hyper index ON on input line 4200.
Package hyperref Info: Plain pages OFF on input line 4207.
Package hyperref Info: Backreferencing OFF on input line 4212.
Package hyperref Info: Implicit mode ON; LaTeX internals redefined.
Package hyperref Info: Bookmarks ON on input line 4445.
\c@Hy@tempcnt=\count315

(/usr/local/texlive/2021/texmf-dist/tex/latex/url/url.sty
\Urlmuskip=\muskip16
Package: url 2013/09/16  ver 3.4  Verb mode for urls, etc.
)
LaTeX Info: Redefining \url on input line 4804.
\XeTeXLinkMargin=\dimen191

(/usr/local/texlive/2021/texmf-dist/tex/generic/bitset/bitset.sty
Package: bitset 2019/12/09 v1.3 Handle bit-vector datatype (HO)

(/usr/local/texlive/2021/texmf-dist/tex/generic/bigintcalc/bigintcalc.sty
Package: bigintcalc 2019/12/15 v1.5 Expandable calculations on big integers (HO
)
))
\Fld@menulength=\count316
\Field@Width=\dimen192
\Fld@charsize=\dimen193
Package hyperref Info: Hyper figures OFF on input line 6075.
Package hyperref Info: Link nesting OFF on input line 6080.
Package hyperref Info: Hyper index ON on input line 6083.
Package hyperref Info: backreferencing OFF on input line 6090.
Package hyperref Info: Link coloring OFF on input line 6095.
Package hyperref Info: Link coloring with OCG OFF on input line 6100.
Package hyperref Info: PDF/A mode OFF on input line 6105.
LaTeX Info: Redefining \ref on input line 6145.
LaTeX Info: Redefining \pageref on input line 6149.

(/usr/local/texlive/2021/texmf-dist/tex/latex/base/atbegshi-ltx.sty
Package: atbegshi-ltx 2020/08/17 v1.0a Emulation of the original atbegshi packa
ge
with kernel methods
)
\Hy@abspage=\count317
\c@Item=\count318
\c@Hfootnote=\count319
)
(/usr/local/texlive/2021/texmf-dist/tex/latex/memoir/memhfixc.sty
Package: memhfixc 2019/10/24 v1.18 nameref/hyperref package fixes for memoir cl
ass
\c@memhycontfloat=\count320
\c@Hpagenote=\count321
)
Package hyperref Info: Driver (autodetected): hluatex.

(/usr/local/texlive/2021/texmf-dist/tex/latex/hyperref/hluatex.def
File: hluatex.def 2021-02-27 v7.00k Hyperref driver for luaTeX

(/usr/local/texlive/2021/texmf-dist/tex/generic/stringenc/stringenc.sty
Package: stringenc 2019/11/29 v1.12 Convert strings between diff. encodings (HO
)
)
(/usr/local/texlive/2021/texmf-dist/tex/latex/base/atveryend-ltx.sty
Package: atveryend-ltx 2020/08/19 v1.0a Emulation of the original atvery packag
e
with kernel methods
)
\Fld@listcount=\count322
\c@bookmark@seq@number=\count323

(/usr/local/texlive/2021/texmf-dist/tex/latex/rerunfilecheck/rerunfilecheck.sty
Package: rerunfilecheck 2019/12/05 v1.9 Rerun checks for auxiliary files (HO)

(/usr/local/texlive/2021/texmf-dist/tex/generic/uniquecounter/uniquecounter.sty
Package: uniquecounter 2019/12/15 v1.4 Provide unlimited unique counter (HO)
)
Package uniquecounter Info: New unique counter `rerunfilecheck' on input line 2
86.
)
\Hy@SectionHShift=\skip191
)
Package hyperref Info: Option `colorlinks' set `true' on input line 38.
 (/usr/local/texlive/2021/texmf-dist/tex/latex/caption/caption.sty
Package: caption 2020/10/26 v3.5g Customizing captions (AR)

(/usr/local/texlive/2021/texmf-dist/tex/latex/caption/caption3.sty
Package: caption3 2020/10/21 v2.2e caption3 kernel (AR)
\captionmargin=\dimen194
\captionmargin@=\dimen195
\captionwidth=\dimen196
\caption@tempdima=\dimen197
\caption@indent=\dimen198
\caption@parindent=\dimen199
\caption@hangindent=\dimen256
Package caption Info: memoir document class detected.

(/usr/local/texlive/2021/texmf-dist/tex/latex/caption/caption-memoir.sto
File: caption-memoir.sto 2020/10/10 v2.1 Adaption of the caption package to the
 memoir document class (AR)
))
\c@caption@flags=\count324
\c@continuedfloat=\count325
Package caption Info: changepage package is loaded.
\caption@adjustwidth@hsize=\dimen257
\caption@adjustwidth@linewidth=\dimen258
Package caption Info: float package is loaded.
Package caption Info: hyperref package is loaded.
)
(/usr/local/texlive/2021/texmf-dist/tex/latex/titlesec/titlesec.sty
Package: titlesec 2019/10/16 v2.13 Sectioning titles
\ttl@box=\box55
\beforetitleunit=\skip192
\aftertitleunit=\skip193
\ttl@plus=\dimen259
\ttl@minus=\dimen260
\ttl@toksa=\toks27
\titlewidth=\dimen261
\titlewidthlast=\dimen262
\titlewidthfirst=\dimen263
)

******************************************************
Stock height and width: 845.04684pt by 597.50787pt
Top and edge trims: 0pt and 0pt
Page height and width: 845.04684pt by 597.50787pt
Text height and width: 706pt by 512pt
Spine and edge margins: 42.67883pt and 42.67944pt
Upper and lower margins: 71.12122pt and 67.92563pt
Headheight and headsep: 0pt and 0pt
Footskip: 56.9055pt
Columnsep and columnseprule: 10pt and 0pt
Marginparsep and marginparwidth: 7pt and 28.67944pt
Sidecapsep and sidecapwidth: 7pt and 63pt
Sidebarhsep and sidebarwidth: 7pt and 63pt
Sidebarvsep and sidebartopsep: 12pt and 0pt
Sidebarheight: 596.39996pt
Sidefoothsep and sidefootwidth: 7pt and 63pt
Sidefootvsep and sidefootheight: 12pt and 596.39996pt
******************************************************

) (/usr/local/texlive/2021/texmf-dist/tex/latex/algorithms/algorithmic.sty
Package: algorithmic 2009/08/24 v0.1 Document Style `algorithmic'

(/usr/local/texlive/2021/texmf-dist/tex/latex/base/ifthen.sty
Package: ifthen 2014/09/29 v1.1c Standard LaTeX ifthen package (DPC)
)
\c@ALC@unique=\count326
\c@ALC@line=\count327
\c@ALC@rem=\count328
\c@ALC@depth=\count329
\ALC@tlm=\skip194
\algorithmicindent=\skip195
)
(/usr/local/texlive/2021/texmf-dist/tex/latex/listings/listings.sty
\lst@mode=\count330
\lst@gtempboxa=\box56
\lst@token=\toks28
\lst@length=\count331
\lst@currlwidth=\dimen264
\lst@column=\count332
\lst@pos=\count333
\lst@lostspace=\dimen265
\lst@width=\dimen266
\lst@newlines=\count334
\lst@lineno=\count335
\lst@maxwidth=\dimen267

(/usr/local/texlive/2021/texmf-dist/tex/latex/listings/lstmisc.sty
File: lstmisc.sty 2020/03/24 1.8d (Carsten Heinz)
\c@lstnumber=\count336
\lst@skipnumbers=\count337
\lst@framebox=\box57
)
(/usr/local/texlive/2021/texmf-dist/tex/latex/listings/listings.cfg
File: listings.cfg 2020/03/24 1.8d listings configuration
))
Package: listings 2020/03/24 1.8d (Carsten Heinz)

(/usr/local/texlive/2021/texmf-dist/tex/latex/tools/bm.sty
Package: bm 2019/07/24 v1.2d Bold Symbol Support (DPC/FMi)
\symboldoperators=\mathgroup4
\symboldletters=\mathgroup5
\symboldsymbols=\mathgroup6
LaTeX Font Info:    Redeclaring math alphabet \mathbf on input line 141.
LaTeX Info: Redefining \bm on input line 209.
)
No file main.aux.

\openout1 = main.aux
LaTeX Font Info:    Checking defaults for OML/cmm/m/it on input line 6.
LaTeX Font Info:    ... okay on input line 6.
LaTeX Font Info:    Checking defaults for OMS/cmsy/m/n on input line 6.
LaTeX Font Info:    ... okay on input line 6.
LaTeX Font Info:    Checking defaults for OT1/cmr/m/n on input line 6.
LaTeX Font Info:    ... okay on input line 6.
LaTeX Font Info:    Checking defaults for T1/cmr/m/n on input line 6.
LaTeX Font Info:    ... okay on input line 6.
LaTeX Font Info:    Checking defaults for TS1/cmr/m/n on input line 6.
LaTeX Font Info:    Trying to load font information for TS1+cmr on input line 6
.
(/usr/local/texlive/2021/texmf-dist/tex/latex/base/ts1cmr.fd
File: ts1cmr.fd 2019/12/16 v2.5j Standard LaTeX font definitions
)
LaTeX Font Info:    ... okay on input line 6.
LaTeX Font Info:    Checking defaults for TU/lmr/m/n on input line 6.
LaTeX Font Info:    ... okay on input line 6.
LaTeX Font Info:    Checking defaults for OMX/cmex/m/n on input line 6.
LaTeX Font Info:    ... okay on input line 6.
LaTeX Font Info:    Checking defaults for U/cmr/m/n on input line 6.
LaTeX Font Info:    ... okay on input line 6.
LaTeX Font Info:    Checking defaults for PD1/pdf/m/n on input line 6.
LaTeX Font Info:    ... okay on input line 6.
LaTeX Font Info:    Checking defaults for PU/pdf/m/n on input line 6.
LaTeX Font Info:    ... okay on input line 6.

Package fontspec Info: Adjusting the maths setup (use [no-math] to avoid
(fontspec)             this).

\symlegacymaths=\mathgroup7
LaTeX Font Info:    Overwriting symbol font `legacymaths' in version `bold'
(Font)                  OT1/cmr/m/n --> OT1/cmr/bx/n on input line 6.
LaTeX Font Info:    Redeclaring math accent \acute on input line 6.
LaTeX Font Info:    Redeclaring math accent \grave on input line 6.
LaTeX Font Info:    Redeclaring math accent \ddot on input line 6.
LaTeX Font Info:    Redeclaring math accent \tilde on input line 6.
LaTeX Font Info:    Redeclaring math accent \bar on input line 6.
LaTeX Font Info:    Redeclaring math accent \breve on input line 6.
LaTeX Font Info:    Redeclaring math accent \check on input line 6.
LaTeX Font Info:    Redeclaring math accent \hat on input line 6.
LaTeX Font Info:    Redeclaring math accent \dot on input line 6.
LaTeX Font Info:    Redeclaring math accent \mathring on input line 6.
LaTeX Font Info:    Redeclaring math symbol \colon on input line 6.
LaTeX Font Info:    Redeclaring math symbol \Gamma on input line 6.
LaTeX Font Info:    Redeclaring math symbol \Delta on input line 6.
LaTeX Font Info:    Redeclaring math symbol \Theta on input line 6.
LaTeX Font Info:    Redeclaring math symbol \Lambda on input line 6.
LaTeX Font Info:    Redeclaring math symbol \Xi on input line 6.
LaTeX Font Info:    Redeclaring math symbol \Pi on input line 6.
LaTeX Font Info:    Redeclaring math symbol \Sigma on input line 6.
LaTeX Font Info:    Redeclaring math symbol \Upsilon on input line 6.
LaTeX Font Info:    Redeclaring math symbol \Phi on input line 6.
LaTeX Font Info:    Redeclaring math symbol \Psi on input line 6.
LaTeX Font Info:    Redeclaring math symbol \Omega on input line 6.
LaTeX Font Info:    Redeclaring math symbol \mathdollar on input line 6.
LaTeX Font Info:    Redeclaring symbol font `operators' on input line 6.
LaTeX Font Info:    Encoding `OT1' has changed to `TU' for symbol font
(Font)              `operators' in the math version `normal' on input line 6.
LaTeX Font Info:    Overwriting symbol font `operators' in version `normal'
(Font)                  OT1/cmr/m/n --> TU/Montserrat(0)/m/n on input line 6.
LaTeX Font Info:    Encoding `OT1' has changed to `TU' for symbol font
(Font)              `operators' in the math version `bold' on input line 6.
LaTeX Font Info:    Overwriting symbol font `operators' in version `bold'
(Font)                  OT1/cmr/bx/n --> TU/Montserrat(0)/m/n on input line 6.
LaTeX Font Info:    Overwriting symbol font `operators' in version `normal'
(Font)                  TU/Montserrat(0)/m/n --> TU/Montserrat(0)/m/n on input 
line 6.
LaTeX Font Info:    Overwriting math alphabet `\mathit' in version `normal'
(Font)                  OT1/cmr/m/it --> TU/Montserrat(0)/m/it on input line 6.

LaTeX Font Info:    Overwriting math alphabet `\mathbf' in version `normal'
(Font)                  OT1/cmr/bx/n --> TU/Montserrat(0)/b/n on input line 6.
LaTeX Font Info:    Overwriting math alphabet `\mathsf' in version `normal'
(Font)                  OT1/cmss/m/n --> TU/lmss/m/n on input line 6.
LaTeX Font Info:    Overwriting math alphabet `\mathtt' in version `normal'
(Font)                  OT1/cmtt/m/n --> TU/lmtt/m/n on input line 6.
LaTeX Font Info:    Overwriting symbol font `operators' in version `bold'
(Font)                  TU/Montserrat(0)/m/n --> TU/Montserrat(0)/b/n on input 
line 6.
LaTeX Font Info:    Overwriting math alphabet `\mathit' in version `bold'
(Font)                  OT1/cmr/bx/it --> TU/Montserrat(0)/b/it on input line 6
.
LaTeX Font Info:    Overwriting math alphabet `\mathsf' in version `bold'
(Font)                  OT1/cmss/bx/n --> TU/lmss/b/n on input line 6.
LaTeX Font Info:    Overwriting math alphabet `\mathtt' in version `bold'
(Font)                  OT1/cmtt/m/n --> TU/lmtt/b/n on input line 6.

(/usr/local/texlive/2021/texmf-dist/tex/context/base/mkii/supp-pdf.mkii
[Loading MPS to PDF converter (version 2006.09.02).]
\scratchcounter=\count338
\scratchdimen=\dimen268
\scratchbox=\box58
\nofMPsegments=\count339
\nofMParguments=\count340
\everyMPshowfont=\toks29
\MPscratchCnt=\count341
\MPscratchDim=\dimen269
\MPnumerator=\count342
\makeMPintoPDFobject=\count343
\everyMPtoPDFconversion=\toks30
) (/usr/local/texlive/2021/texmf-dist/tex/latex/epstopdf-pkg/epstopdf-base.sty
Package: epstopdf-base 2020-01-24 v2.11 Base part for package epstopdf
Package epstopdf-base Info: Redefining graphics rule for `.eps' on input line 4
85.

(/usr/local/texlive/2021/texmf-dist/tex/latex/latexconfig/epstopdf-sys.cfg
File: epstopdf-sys.cfg 2010/07/13 v1.3 Configuration of (r)epstopdf for TeX Liv
e
))
Package hyperref Info: Link coloring ON on input line 6.

(/usr/local/texlive/2021/texmf-dist/tex/latex/hyperref/nameref.sty
Package: nameref 2021-04-02 v2.47 Cross-referencing by name of section

(/usr/local/texlive/2021/texmf-dist/tex/latex/refcount/refcount.sty
Package: refcount 2019/12/15 v3.6 Data extraction from label references (HO)
)
(/usr/local/texlive/2021/texmf-dist/tex/generic/gettitlestring/gettitlestring.s
ty
Package: gettitlestring 2019/12/15 v1.6 Cleanup title references (HO)
)
\c@section@level=\count344
)
Redoing nameref's sectioning
Redoing nameref's label
LaTeX Info: Redefining \nameref on input line 6.
LaTeX Info: Redefining \ref on input line 6.
LaTeX Info: Redefining \pageref on input line 6.
LaTeX Info: Redefining \nameref on input line 6.
\@outlinefile=\write4

\openout4 = main.out
Package caption Info: Begin \AtBeginDocument code.
Package caption Info: listings package is loaded.
Package caption Info: End \AtBeginDocument code.
\c@lstlisting=\count345
LaTeX Font Info:    External font `cmex10' loaded for size
(Font)              <7> on input line 16.
LaTeX Font Info:    External font `cmex10' loaded for size
(Font)              <5> on input line 16.
<images/shoecomp-logo.png, id=4, 115.43124pt x 128.48pt>
File: images/shoecomp-logo.png Graphic file (type png)
<use images/shoecomp-logo.png>
Package luatex.def Info: images/shoecomp-logo.png  used on input line 17.
(luatex.def)             Requested size: 49.41429pt x 55.0pt.
<images/csafe-logo.png, id=5, 671.50874pt x 269.005pt>
File: images/csafe-logo.png Graphic file (type png)
<use images/csafe-logo.png>
Package luatex.def Info: images/csafe-logo.png  used on input line 26.
(luatex.def)             Requested size: 71.01768pt x 28.45274pt.
<images/csafe-tools-logo.png, id=6, 393.1488pt x 92.9874pt>
File: images/csafe-tools-logo.png Graphic file (type png)
<use images/csafe-tools-logo.png>
Package luatex.def Info: images/csafe-tools-logo.png  used on input line 27.
(luatex.def)             Requested size: 120.29713pt x 28.45274pt.
[1

{/usr/local/texlive/2021/texmf-var/fonts/map/pdftex/updmap/pdftex.map}<./images/
shoecomp-logo.png><./images/csafe-logo.png><./images/csafe-tools-logo.png>]

LaTeX Warning: Citation `soyoung' on page 1 undefined on input line 55.


LaTeX Warning: Citation `soyoung' on page 1 undefined on input line 61.


LaTeX Warning: Citation `gvs1' on page 1 undefined on input line 61.

<images/shoecomp.png, id=20, 873.2625pt x 173.64874pt>
File: images/shoecomp.png Graphic file (type png)
<use images/shoecomp.png>
Package luatex.def Info: images/shoecomp.png  used on input line 78.
(luatex.def)             Requested size: 409.60156pt x 81.44798pt.

Class memoir Warning: The material used in the headers is too large
(12.0pt) for the given head height (0.0pt), it is recommended to
either increase the head height or redesign the header
(in both cases you will find help in the memoir manual). on input line 96.


Overfull \vbox (12.0pt too high) has occurred while \output is active []

File: images/csafe-logo.png Graphic file (type png)
<use images/csafe-logo.png>
Package luatex.def Info: images/csafe-logo.png  used on input line 96.
(luatex.def)             Requested size: 49.71545pt x 19.91684pt.
File: images/csafe-tools-logo.png Graphic file (type png)
<use images/csafe-tools-logo.png>
Package luatex.def Info: images/csafe-tools-logo.png  used on input line 96.
(luatex.def)             Requested size: 84.2074pt x 19.91684pt.
File: images/shoecomp-logo-words.png Graphic file (type png)
<use images/shoecomp-logo-words.png>
Package luatex.def Info: images/shoecomp-logo-words.png  used on input line 96.

(luatex.def)             Requested size: 80.02258pt x 14.22636pt.

Underfull \hbox (badness 10000) has occurred while \output is active
[][][]
 []


warning  (pdf backend): ignoring duplicate destination with the name 'page.1'
[1


<./images/shoecomp.png><./images/shoecomp-logo-words.png>]

LaTeX Warning: Citation `boots' on page 2 undefined on input line 101.

<images/step_1-anno.png, id=38, 1686.3pt x 1053.9375pt>
File: images/step_1-anno.png Graphic file (type png)
<use images/step_1-anno.png>
Package luatex.def Info: images/step_1-anno.png  used on input line 129.
(luatex.def)             Requested size: 409.60156pt x 255.98962pt.
<images/step_2-anno.png, id=39, 1686.3pt x 1053.9375pt>
File: images/step_2-anno.png Graphic file (type png)
<use images/step_2-anno.png>
Package luatex.def Info: images/step_2-anno.png  used on input line 142.
(luatex.def)             Requested size: 409.60156pt x 255.98962pt.

Overfull \vbox (12.0pt too high) has occurred while \output is active []

File: images/csafe-logo.png Graphic file (type png)
<use images/csafe-logo.png>
Package luatex.def Info: images/csafe-logo.png  used on input line 147.
(luatex.def)             Requested size: 49.71545pt x 19.91684pt.
File: images/csafe-tools-logo.png Graphic file (type png)
<use images/csafe-tools-logo.png>
Package luatex.def Info: images/csafe-tools-logo.png  used on input line 147.
(luatex.def)             Requested size: 84.2074pt x 19.91684pt.
File: images/shoecomp-logo-words.png Graphic file (type png)
<use images/shoecomp-logo-words.png>
Package luatex.def Info: images/shoecomp-logo-words.png  used on input line 147
.
(luatex.def)             Requested size: 80.02258pt x 14.22636pt.

Underfull \hbox (badness 10000) has occurred while \output is active
[][][]
 []

[2

<./images/step_1-anno.png>]
<images/step_3-anno.png, id=50, 1686.3pt x 1053.9375pt>
File: images/step_3-anno.png Graphic file (type png)
<use images/step_3-anno.png>
Package luatex.def Info: images/step_3-anno.png  used on input line 154.
(luatex.def)             Requested size: 409.60156pt x 255.98962pt.
<images/step_4a-anno.png, id=51, 1686.3pt x 1053.9375pt>
File: images/step_4a-anno.png Graphic file (type png)
<use images/step_4a-anno.png>
Package luatex.def Info: images/step_4a-anno.png  used on input line 168.
(luatex.def)             Requested size: 409.60156pt x 255.98962pt.

Overfull \vbox (12.0pt too high) has occurred while \output is active []

File: images/csafe-logo.png Graphic file (type png)
<use images/csafe-logo.png>
Package luatex.def Info: images/csafe-logo.png  used on input line 174.
(luatex.def)             Requested size: 49.71545pt x 19.91684pt.
File: images/csafe-tools-logo.png Graphic file (type png)
<use images/csafe-tools-logo.png>
Package luatex.def Info: images/csafe-tools-logo.png  used on input line 174.
(luatex.def)             Requested size: 84.2074pt x 19.91684pt.
File: images/shoecomp-logo-words.png Graphic file (type png)
<use images/shoecomp-logo-words.png>
Package luatex.def Info: images/shoecomp-logo-words.png  used on input line 174
.
(luatex.def)             Requested size: 80.02258pt x 14.22636pt.

Underfull \hbox (badness 10000) has occurred while \output is active
[][][]
 []

[3<./images/step_2-anno.png><./images/step_3-anno.png>]
<images/step_4b-anno.png, id=61, 1686.3pt x 1053.9375pt>
File: images/step_4b-anno.png Graphic file (type png)
<use images/step_4b-anno.png>
Package luatex.def Info: images/step_4b-anno.png  used on input line 181.
(luatex.def)             Requested size: 409.60156pt x 255.98962pt.
<images/step_4c-anno.png, id=62, 1686.3pt x 1053.9375pt>
File: images/step_4c-anno.png Graphic file (type png)
<use images/step_4c-anno.png>
Package luatex.def Info: images/step_4c-anno.png  used on input line 193.
(luatex.def)             Requested size: 409.60156pt x 255.98962pt.

Overfull \vbox (12.0pt too high) has occurred while \output is active []

File: images/csafe-logo.png Graphic file (type png)
<use images/csafe-logo.png>
Package luatex.def Info: images/csafe-logo.png  used on input line 198.
(luatex.def)             Requested size: 49.71545pt x 19.91684pt.
File: images/csafe-tools-logo.png Graphic file (type png)
<use images/csafe-tools-logo.png>
Package luatex.def Info: images/csafe-tools-logo.png  used on input line 198.
(luatex.def)             Requested size: 84.2074pt x 19.91684pt.
File: images/shoecomp-logo-words.png Graphic file (type png)
<use images/shoecomp-logo-words.png>
Package luatex.def Info: images/shoecomp-logo-words.png  used on input line 198
.
(luatex.def)             Requested size: 80.02258pt x 14.22636pt.

Underfull \hbox (badness 10000) has occurred while \output is active
[][][]
 []

[4<./images/step_4a-anno.png><./images/step_4b-anno.png>]
<images/step_4d-anno.png, id=71, 1686.3pt x 1053.9375pt>
File: images/step_4d-anno.png Graphic file (type png)
<use images/step_4d-anno.png>
Package luatex.def Info: images/step_4d-anno.png  used on input line 208.
(luatex.def)             Requested size: 409.60156pt x 255.98962pt.

Overfull \vbox (12.0pt too high) has occurred while \output is active []

File: images/csafe-logo.png Graphic file (type png)
<use images/csafe-logo.png>
Package luatex.def Info: images/csafe-logo.png  used on input line 221.
(luatex.def)             Requested size: 49.71545pt x 19.91684pt.
File: images/csafe-tools-logo.png Graphic file (type png)
<use images/csafe-tools-logo.png>
Package luatex.def Info: images/csafe-tools-logo.png  used on input line 221.
(luatex.def)             Requested size: 84.2074pt x 19.91684pt.
File: images/shoecomp-logo-words.png Graphic file (type png)
<use images/shoecomp-logo-words.png>
Package luatex.def Info: images/shoecomp-logo-words.png  used on input line 221
.
(luatex.def)             Requested size: 80.02258pt x 14.22636pt.

Underfull \hbox (badness 10000) has occurred while \output is active
[][][]
 []

[5<./images/step_4c-anno.png><./images/step_4d-anno.png>]
<images/step_4e-anno.png, id=80, 1686.3pt x 1053.9375pt>
File: images/step_4e-anno.png Graphic file (type png)
<use images/step_4e-anno.png>
Package luatex.def Info: images/step_4e-anno.png  used on input line 224.
(luatex.def)             Requested size: 409.60156pt x 255.98962pt.
<images/step_5a-anno.png, id=81, 1686.3pt x 1053.9375pt>
File: images/step_5a-anno.png Graphic file (type png)
<use images/step_5a-anno.png>
Package luatex.def Info: images/step_5a-anno.png  used on input line 239.
(luatex.def)             Requested size: 409.60156pt x 255.98962pt.

Overfull \vbox (12.0pt too high) has occurred while \output is active []

File: images/csafe-logo.png Graphic file (type png)
<use images/csafe-logo.png>
Package luatex.def Info: images/csafe-logo.png  used on input line 249.
(luatex.def)             Requested size: 49.71545pt x 19.91684pt.
File: images/csafe-tools-logo.png Graphic file (type png)
<use images/csafe-tools-logo.png>
Package luatex.def Info: images/csafe-tools-logo.png  used on input line 249.
(luatex.def)             Requested size: 84.2074pt x 19.91684pt.
File: images/shoecomp-logo-words.png Graphic file (type png)
<use images/shoecomp-logo-words.png>
Package luatex.def Info: images/shoecomp-logo-words.png  used on input line 249
.
(luatex.def)             Requested size: 80.02258pt x 14.22636pt.

Underfull \hbox (badness 10000) has occurred while \output is active
[][][]
 []

[6<./images/step_4e-anno.png><./images/step_5a-anno.png>]
<images/step_5b-anno.png, id=91, 1686.3pt x 1053.9375pt>
File: images/step_5b-anno.png Graphic file (type png)
<use images/step_5b-anno.png>
Package luatex.def Info: images/step_5b-anno.png  used on input line 252.
(luatex.def)             Requested size: 409.60156pt x 255.98962pt.


LaTeX Warning: Reference `fig:step4a' on page 7 undefined on input line 254.


LaTeX Warning: Reference `fig:step4a' on page 7 undefined on input line 254.

<images/step_6-anno.png, id=92, 1686.3pt x 1053.9375pt>
File: images/step_6-anno.png Graphic file (type png)
<use images/step_6-anno.png>
Package luatex.def Info: images/step_6-anno.png  used on input line 267.
(luatex.def)             Requested size: 409.60156pt x 255.98962pt.

Overfull \vbox (12.0pt too high) has occurred while \output is active []

File: images/csafe-logo.png Graphic file (type png)
<use images/csafe-logo.png>
Package luatex.def Info: images/csafe-logo.png  used on input line 276.
(luatex.def)             Requested size: 49.71545pt x 19.91684pt.
File: images/csafe-tools-logo.png Graphic file (type png)
<use images/csafe-tools-logo.png>
Package luatex.def Info: images/csafe-tools-logo.png  used on input line 276.
(luatex.def)             Requested size: 84.2074pt x 19.91684pt.
File: images/shoecomp-logo-words.png Graphic file (type png)
<use images/shoecomp-logo-words.png>
Package luatex.def Info: images/shoecomp-logo-words.png  used on input line 276
.
(luatex.def)             Requested size: 80.02258pt x 14.22636pt.

Underfull \hbox (badness 10000) has occurred while \output is active
[][][]
 []

[7<./images/step_5b-anno.png><./images/step_6-anno.png>]
<images/step_8a-anno.png, id=102, 1686.3pt x 1053.9375pt>
File: images/step_8a-anno.png Graphic file (type png)
<use images/step_8a-anno.png>
Package luatex.def Info: images/step_8a-anno.png  used on input line 279.
(luatex.def)             Requested size: 409.60156pt x 255.98962pt.
<images/step_8b-anno.png, id=103, 1686.3pt x 1053.9375pt>
File: images/step_8b-anno.png Graphic file (type png)
<use images/step_8b-anno.png>
Package luatex.def Info: images/step_8b-anno.png  used on input line 295.
(luatex.def)             Requested size: 409.60156pt x 255.98962pt.

Overfull \vbox (12.0pt too high) has occurred while \output is active []

File: images/csafe-logo.png Graphic file (type png)
<use images/csafe-logo.png>
Package luatex.def Info: images/csafe-logo.png  used on input line 301.
(luatex.def)             Requested size: 49.71545pt x 19.91684pt.
File: images/csafe-tools-logo.png Graphic file (type png)
<use images/csafe-tools-logo.png>
Package luatex.def Info: images/csafe-tools-logo.png  used on input line 301.
(luatex.def)             Requested size: 84.2074pt x 19.91684pt.
File: images/shoecomp-logo-words.png Graphic file (type png)
<use images/shoecomp-logo-words.png>
Package luatex.def Info: images/shoecomp-logo-words.png  used on input line 301
.
(luatex.def)             Requested size: 80.02258pt x 14.22636pt.

Underfull \hbox (badness 10000) has occurred while \output is active
[][][]
 []

[8<./images/step_8a-anno.png>]
<images/step_8c-anno.png, id=110, 1686.3pt x 1053.9375pt>
File: images/step_8c-anno.png Graphic file (type png)
<use images/step_8c-anno.png>
Package luatex.def Info: images/step_8c-anno.png  used on input line 308.
(luatex.def)             Requested size: 409.60156pt x 255.98962pt.
<images/step_8d-anno.png, id=111, 1686.3pt x 1053.9375pt>
File: images/step_8d-anno.png Graphic file (type png)
<use images/step_8d-anno.png>
Package luatex.def Info: images/step_8d-anno.png  used on input line 319.
(luatex.def)             Requested size: 409.60156pt x 255.98962pt.

Overfull \vbox (12.0pt too high) has occurred while \output is active []

File: images/csafe-logo.png Graphic file (type png)
<use images/csafe-logo.png>
Package luatex.def Info: images/csafe-logo.png  used on input line 325.
(luatex.def)             Requested size: 49.71545pt x 19.91684pt.
File: images/csafe-tools-logo.png Graphic file (type png)
<use images/csafe-tools-logo.png>
Package luatex.def Info: images/csafe-tools-logo.png  used on input line 325.
(luatex.def)             Requested size: 84.2074pt x 19.91684pt.
File: images/shoecomp-logo-words.png Graphic file (type png)
<use images/shoecomp-logo-words.png>
Package luatex.def Info: images/shoecomp-logo-words.png  used on input line 325
.
(luatex.def)             Requested size: 80.02258pt x 14.22636pt.

Underfull \hbox (badness 10000) has occurred while \output is active
[][][]
 []

[9<./images/step_8b-anno.png><./images/step_8c-anno.png>]
<images/step_10-anno.png, id=120, 1686.3pt x 1053.9375pt>
File: images/step_10-anno.png Graphic file (type png)
<use images/step_10-anno.png>
Package luatex.def Info: images/step_10-anno.png  used on input line 347.
(luatex.def)             Requested size: 409.60156pt x 255.98962pt.

Overfull \vbox (12.0pt too high) has occurred while \output is active []

File: images/csafe-logo.png Graphic file (type png)
<use images/csafe-logo.png>
Package luatex.def Info: images/csafe-logo.png  used on input line 352.
(luatex.def)             Requested size: 49.71545pt x 19.91684pt.
File: images/csafe-tools-logo.png Graphic file (type png)
<use images/csafe-tools-logo.png>
Package luatex.def Info: images/csafe-tools-logo.png  used on input line 352.
(luatex.def)             Requested size: 84.2074pt x 19.91684pt.
File: images/shoecomp-logo-words.png Graphic file (type png)
<use images/shoecomp-logo-words.png>
Package luatex.def Info: images/shoecomp-logo-words.png  used on input line 352
.
(luatex.def)             Requested size: 80.02258pt x 14.22636pt.

Underfull \hbox (badness 10000) has occurred while \output is active
[][][]
 []

[10<./images/step_8d-anno.png>]
Overfull \vbox (12.0pt too high) has occurred while \output is active []

File: images/csafe-logo.png Graphic file (type png)
<use images/csafe-logo.png>
Package luatex.def Info: images/csafe-logo.png  used on input line 353.
(luatex.def)             Requested size: 49.71545pt x 19.91684pt.
File: images/csafe-tools-logo.png Graphic file (type png)
<use images/csafe-tools-logo.png>
Package luatex.def Info: images/csafe-tools-logo.png  used on input line 353.
(luatex.def)             Requested size: 84.2074pt x 19.91684pt.
File: images/shoecomp-logo-words.png Graphic file (type png)
<use images/shoecomp-logo-words.png>
Package luatex.def Info: images/shoecomp-logo-words.png  used on input line 353
.
(luatex.def)             Requested size: 80.02258pt x 14.22636pt.

Underfull \hbox (badness 10000) has occurred while \output is active
[][][]
 []

[11<./images/step_10-anno.png>]
Underfull \hbox (badness 10000) in paragraph at lines 365--370

 []


Underfull \hbox (badness 10000) in paragraph at lines 371--374

 []


Overfull \hbox (1.01785pt too wide) in paragraph at lines 375--380
[]\TU/Montserrat(0)/m/n/10 Fu-ture im-prove-ments for Shoe-Comp in-clude: adding
 more sim-i-lar-ity scores and vi-su-al-iza-tions, check-
 []


Overfull \vbox (12.0pt too high) has occurred while \output is active []

File: images/csafe-logo.png Graphic file (type png)
<use images/csafe-logo.png>
Package luatex.def Info: images/csafe-logo.png  used on input line 401.
(luatex.def)             Requested size: 49.71545pt x 19.91684pt.
File: images/csafe-tools-logo.png Graphic file (type png)
<use images/csafe-tools-logo.png>
Package luatex.def Info: images/csafe-tools-logo.png  used on input line 401.
(luatex.def)             Requested size: 84.2074pt x 19.91684pt.
File: images/shoecomp-logo-words.png Graphic file (type png)
<use images/shoecomp-logo-words.png>
Package luatex.def Info: images/shoecomp-logo-words.png  used on input line 401
.
(luatex.def)             Requested size: 80.02258pt x 14.22636pt.

Underfull \hbox (badness 10000) has occurred while \output is active
[][][]
 []

[12

]
No file main.bbl.

Class memoir Warning: The material used in the headers is too large
(12.0pt) for the given head height (0.0pt), it is recommended to
either increase the head height or redesign the header
(in both cases you will find help in the memoir manual). on input line 405.

(./main.aux)

LaTeX Warning: There were undefined references.


LaTeX Warning: Label(s) may have changed. Rerun to get cross-references right.


Package rerunfilecheck Warning: File `main.out' has changed.
(rerunfilecheck)                Rerun to get outlines right
(rerunfilecheck)                or use package `bookmark'.

Package rerunfilecheck Info: Checksums for `main.out':
(rerunfilecheck)             Before: <no file>
(rerunfilecheck)             After:  093B047EE57D5F2B3D57FFB62AAF4551;1487.
)

Here is how much of LuaTeX's memory you used:
 18274 strings out of 478531
 100000,794899 words of node,token memory allocated
 1113 words of node memory still in use:
   3 hlist, 1 vlist, 1 rule, 2 glue, 3 kern, 1 glyph, 5 attribute, 188 glue_spec
, 5 attribute_list, 2 write nodes
   avail lists: 1:1,2:511,3:202,4:98,5:974,6:49,7:6289,8:20,9:344,10:20,11:495
 37113 multiletter control sequences out of 65536+600000
 66 fonts using 10278767 bytes
 98i,22n,98p,1201b,531s stack positions out of 5000i,500n,10000p,200000b,80000s
<./fonts/Montserrat-Italic.ttf></usr/local/texlive/2021/texmf-dist/fonts/opentyp
e/public/lm/lmmono8-regular.otf></usr/local/texlive/2021/texmf-dist/fonts/openty
pe/public/lm/lmmono10-regular.otf><./fonts/Montserrat-Regular.ttf><./fonts/Monts
errat-Bold.ttf></usr/local/texlive/2021/texmf-dist/fonts/type1/public/amsfonts/c
m/cmmi10.pfb></usr/local/texlive/2021/texmf-dist/fonts/type1/public/amsfonts/cm/
cmmi7.pfb></usr/local/texlive/2021/texmf-dist/fonts/type1/public/amsfonts/cm/cmr
10.pfb></usr/local/texlive/2021/texmf-dist/fonts/type1/public/amsfonts/cm/cmr7.p
fb>
Output written on main.pdf (13 pages, 5399336 bytes).

PDF statistics: 199 PDF objects out of 1000 (max. 8388607)
 121 compressed objects within 2 object streams
 40 named destinations out of 1000 (max. 131072)
 1 words of extra memory for PDF output out of 10000 (max. 100000000)

